Cei 3 muschetar
Winne
Mistretii Atomic
Elixir Junio
Black swan
Pufuleti
Konfett
The Skyrynner
MO si F.O.C.
Defending Champ
The Abusement Par
Chunky Monkee
Chafing the Drea
Ibuprofen and Ben Ga
The Big Ego
The Waiver Wir

--- ROUND NO:1
Cei 3 muschetar                  -                            Winne
Mistretii Atomic                 -                     Elixir Junio
Black swan                       -                         Pufuleti
Konfett                          -                    The Skyrynner
MO si F.O.C.                     -                  Defending Champ
The Abusement Par                -                    Chunky Monkee
Chafing the Drea                 -             Ibuprofen and Ben Ga
The Big Ego                      -                   The Waiver Wir

WINNERS OF ROUND NO:1
The Big Ego                       -  7.00
Chafing the Drea                  -  6.40
The Abusement Par                 -  8.40
Defending Champ                   -  8.20
Konfett                           -  6.80
Black swan                        -  6.60
Mistretii Atomic                  -  7.20
Winne                             -  9.00

--- ROUND NO:2
The Big Ego                      -                 Chafing the Drea
The Abusement Par                -                  Defending Champ
Konfett                          -                       Black swan
Mistretii Atomic                 -                            Winne

WINNERS OF ROUND NO:2
Winne                             -  10.00
Konfett                           -  7.80
The Abusement Par                 -  9.40
The Big Ego                       -  8.00

--- ROUND NO:3
Winne                            -                          Konfett
The Abusement Par                -                      The Big Ego

WINNERS OF ROUND NO:3
The Abusement Par                 -  10.40
Winne                             -  11.00

--- ROUND NO:4
The Abusement Par                -                            Winne

WINNERS OF ROUND NO:4
Winne                             -  12.00

TOP 8 TEAMS:
Winne                             -  9.00
The Abusement Par                 -  8.40
Defending Champ                   -  8.20
Mistretii Atomic                  -  7.20
The Big Ego                       -  7.00
Konfett                           -  6.80
Black swan                        -  6.60
Chafing the Drea                  -  6.40

THE LEVEL 2 TEAMS ARE:
Winne
Defending Champ
The Big Ego
Black swan
